<?xml version="1.0" encoding="UTF-8" standalone="no"?>
<testsuite errors="0" failures="1" name="io.cucumber.core.plugin.JUnitFormatter" skipped="0" tests="1" time="8.435">
    <testcase classname="Test ContactPage Functionality" name="Enter Details in Contact page" time="8.283">
        <failure message="Cannot locate an element using xpath=//a[@href='/contacts']&#10;For documentation on this error, please visit: https://www.seleniumhq.org/exceptions/no_such_element.html&#10;Build info: version: '3.141.59', revision: 'e82be7d358', time: '2018-11-14T08:17:03'&#10;System info: host: 'MININT-DPNQ1NL', ip: '192.168.0.102', os.name: 'Windows 10', os.arch: 'amd64', os.version: '10.0', java.version: '14.0.2'&#10;Driver info: driver.version: RemoteWebDriver" type="org.openqa.selenium.NoSuchElementException"><![CDATA[Given Launch Cogmento Application...........................................passed
When User provide valid "<Username>"........................................passed
And Valid "<Password>"......................................................passed
Then Click on LoginButton...................................................passed
When User is on Home Page...................................................passed
Then Click on ContactLink and CreateButton..................................failed
Then Enter All Details......................................................skipped
Then Click on SaveButton....................................................skipped
Then Close the browser......................................................skipped

StackTrace:
org.openqa.selenium.NoSuchElementException: Cannot locate an element using xpath=//a[@href='/contacts']
For documentation on this error, please visit: https://www.seleniumhq.org/exceptions/no_such_element.html
Build info: version: '3.141.59', revision: 'e82be7d358', time: '2018-11-14T08:17:03'
System info: host: 'MININT-DPNQ1NL', ip: '192.168.0.102', os.name: 'Windows 10', os.arch: 'amd64', os.version: '10.0', java.version: '14.0.2'
Driver info: driver.version: RemoteWebDriver
	at org.openqa.selenium.remote.RemoteWebDriver.findElement(RemoteWebDriver.java:327)
	at org.openqa.selenium.remote.RemoteWebDriver.findElementByXPath(RemoteWebDriver.java:428)
	at org.openqa.selenium.By$ByXPath.findElement(By.java:353)
	at org.openqa.selenium.remote.RemoteWebDriver.findElement(RemoteWebDriver.java:315)
	at StepDefination.ContactPage1.click_on_contact_link_and_create_button(ContactPage1.java:47)
	at âœ½.Click on ContactLink and CreateButton(file:///C:/Users/akshatag/Automation/eclipse/Workbook/BDDFrameWork/Features/ContactPage.feature:13)
]]></failure>
    </testcase>
</testsuite>
